  XCrypt.cpp
D:\cpplibs\LIEF-0.16.2-win64\include\LIEF\ELF\Parser.hpp(56,54): warning C4267: 'initializing': conversion from 'size_t' to 'const uint32_t', possible loss of data
  (compiling source file 'XCrypt.cpp')
  
D:\cpplibs\LIEF-0.16.2-win64\include\LIEF\ELF\Section.hpp(60,48): warning C4267: 'initializing': conversion from 'size_t' to 'const uint32_t', possible loss of data
  (compiling source file 'XCrypt.cpp')
  
D:\cpplibs\LIEF-0.16.2-win64\include\LIEF\ELF\GnuHash.hpp(60,25): warning C4267: 'return': conversion from 'size_t' to 'uint32_t', possible loss of data
  (compiling source file 'XCrypt.cpp')
  
D:\cpplibs\LIEF-0.16.2-win64\include\LIEF\ELF\GnuHash.hpp(77,31): warning C4267: 'return': conversion from 'size_t' to 'uint32_t', possible loss of data
  (compiling source file 'XCrypt.cpp')
  
D:\cpplibs\LIEF-0.16.2-win64\include\LIEF\ELF\SysvHash.hpp(56,25): warning C4267: 'return': conversion from 'size_t' to 'uint32_t', possible loss of data
  (compiling source file 'XCrypt.cpp')
  
D:\cpplibs\LIEF-0.16.2-win64\include\LIEF\ELF\SysvHash.hpp(61,24): warning C4267: 'return': conversion from 'size_t' to 'uint32_t', possible loss of data
  (compiling source file 'XCrypt.cpp')
  
D:\cpplibs\LIEF-0.16.2-win64\include\LIEF\PE\ResourcesManager.hpp(72,15): warning C4267: 'return': conversion from 'size_t' to 'uint32_t', possible loss of data
  (compiling source file 'XCrypt.cpp')
  
D:\cpplibs\LIEF-0.16.2-win64\include\LIEF\PE\LoadConfigurations\LoadConfiguration.hpp(178,12): warning C4244: 'return': conversion from 'const uint64_t' to 'uint32_t', possible loss of data
  (compiling source file 'XCrypt.cpp')
  
C:\Users\sdd\source\repos\XCrypt\XCrypt\XCrypt.cpp(25,15): warning C4244: 'argument': conversion from 'time_t' to 'unsigned int', possible loss of data
  Generating code
  1 of 498 functions ( 0.2%) were compiled, the rest were copied from previous compilation.
    0 functions were new in current compilation
    6 functions had inline decision re-evaluated but remain unchanged
  Finished generating code
  XCrypt.vcxproj -> C:\Users\sdd\source\repos\XCrypt\x64\Release\XCrypt.exe
